<?xml version="1.0" encoding="UTF-8"?>
<testsuite xmlns:xsi="http://www.w3.org/2001/XMLSchema-instance" xsi:noNamespaceSchemaLocation="https://maven.apache.org/surefire/maven-surefire-plugin/xsd/surefire-test-report.xsd" name="bookingservImplementation.BookingTest" time="4.993" tests="2" errors="0" skipped="0" failures="0">
  <properties>
[...]
</properties>
  <testcase name="createBookingTest" classname="bookingservImplementation.BookingTest" time="0.177"/>
  <testcase name="getAllBookingsTest" classname="bookingservImplementation.BookingTest" time="0.002"/>
</testsuite>